<?xml version="1.0" encoding="UTF-8"?>
<!-- Generated by org.testng.reporters.JUnitReportReporter -->
<testsuite hostname="c82a142d004d.ant.amazon.com" name="CityDataScraper" tests="1" failures="0" timestamp="27 Nov 2013 22:14:53 GMT" time="7.644" errors="0">
  <testcase name="clickOnSomething" time="7.644" classname="CityDataScraper"/>
</testsuite> <!-- CityDataScraper -->
