<?xml version="1.0" encoding="UTF-8"?>
<!-- Generated by org.testng.reporters.JUnitReportReporter -->
<testsuite hostname="c82a142d004d.ant.amazon.com" name="SchoolDataScrape" tests="1" failures="0" timestamp="27 Nov 2013 04:36:33 GMT" time="12.509" errors="0">
  <testcase name="clickOnSomething" time="12.509" classname="SchoolDataScrape"/>
</testsuite> <!-- SchoolDataScrape -->
